[01-Dec-2022 18:00:12 UTC] WordPress database error Table 'wp_e_events' already exists for query CREATE TABLE `wp_e_events` (
			id bigint(20) unsigned auto_increment primary key,
			event_data text null,
			created_at datetime not null
		) DEFAULT CHARACTER SET utf8mb4 COLLATE utf8mb4_unicode_520_ci; made by require_once('wp-load.php'), require_once('wp-config.php'), require_once('wp-settings.php'), do_action('init'), WP_Hook->do_action, WP_Hook->apply_filters, Elementor\Plugin->init, Elementor\Plugin->init_components, Elementor\Core\Admin\Admin->__construct, Elementor\Plugin->init_common, Elementor\Core\Common\App->init_components, Elementor\Core\Common\Modules\EventTracker\Module->__construct, Elementor\Core\Common\Modules\EventTracker\DB->__construct, Elementor\Core\Common\Modules\EventTracker\DB->create_table
[01-Dec-2022 18:00:13 UTC] WordPress database error Duplicate key name 'created_at_index' for query ALTER TABLE wp_e_events
    		ADD INDEX `created_at_index` (`created_at`)
		 made by require_once('wp-load.php'), require_once('wp-config.php'), require_once('wp-settings.php'), do_action('init'), WP_Hook->do_action, WP_Hook->apply_filters, Elementor\Plugin->init, Elementor\Plugin->init_components, Elementor\Core\Admin\Admin->__construct, Elementor\Plugin->init_common, Elementor\Core\Common\App->init_components, Elementor\Core\Common\Modules\EventTracker\Module->__construct, Elementor\Core\Common\Modules\EventTracker\DB->__construct, Elementor\Core\Common\Modules\EventTracker\DB->add_indexes
[01-Dec-2022 18:05:28 UTC] Sync process for Gutenberg Blocks has started.
[01-Dec-2022 18:05:28 UTC] CATEGORY:Importing categories..
[01-Dec-2022 18:05:28 UTC] CATEGORY:Storing in option ast-block-templates-categories
[01-Dec-2022 18:05:29 UTC] CATEGORY:Completed category import.
[01-Dec-2022 18:05:29 UTC] BLOCK: Getting Total Blocks
[01-Dec-2022 18:05:29 UTC] BLOCK: https://websitedemos.net/wp-json/astra-blocks/v1/get-blocks-count/?page_builder=gutenberg&wireframe=yes
[01-Dec-2022 18:05:29 UTC] BLOCK: Requests count 4
[01-Dec-2022 18:05:29 UTC] BLOCK: Importing request 1 ..
[01-Dec-2022 18:05:29 UTC] BLOCK: https://websitedemos.net/wp-json/astra-blocks/v1/blocks/?page_builder=gutenberg&per_page=100&page=1&wireframe=yes
[01-Dec-2022 18:05:30 UTC] BLOCK: Storing in option ast-block-templates-blocks-1
[01-Dec-2022 18:05:30 UTC] BLOCK: Completed request 1
[01-Dec-2022 18:05:30 UTC] BLOCK: Importing request 2 ..
[01-Dec-2022 18:05:30 UTC] BLOCK: https://websitedemos.net/wp-json/astra-blocks/v1/blocks/?page_builder=gutenberg&per_page=100&page=2&wireframe=yes
[01-Dec-2022 18:05:30 UTC] BLOCK: Storing in option ast-block-templates-blocks-2
[01-Dec-2022 18:05:30 UTC] BLOCK: Completed request 2
[01-Dec-2022 18:05:30 UTC] BLOCK: Importing request 3 ..
[01-Dec-2022 18:05:30 UTC] BLOCK: https://websitedemos.net/wp-json/astra-blocks/v1/blocks/?page_builder=gutenberg&per_page=100&page=3&wireframe=yes
[01-Dec-2022 18:05:31 UTC] BLOCK: Storing in option ast-block-templates-blocks-3
[01-Dec-2022 18:05:31 UTC] BLOCK: Completed request 3
[01-Dec-2022 18:05:31 UTC] BLOCK: Importing request 4 ..
[01-Dec-2022 18:05:31 UTC] BLOCK: https://websitedemos.net/wp-json/astra-blocks/v1/blocks/?page_builder=gutenberg&per_page=100&page=4&wireframe=yes
[01-Dec-2022 18:05:31 UTC] BLOCK: Storing in option ast-block-templates-blocks-4
[01-Dec-2022 18:05:31 UTC] BLOCK: Completed request 4
[01-Dec-2022 18:05:31 UTC] SITE: Getting Total Sites
[01-Dec-2022 18:05:31 UTC] SITE: https://websitedemos.net/wp-json/astra-sites/v1/get-total-pages/?page_builder=gutenberg
[01-Dec-2022 18:05:32 UTC] SITE: Request count 2
[01-Dec-2022 18:05:32 UTC] SITE: Importing request 1 ..
[01-Dec-2022 18:05:32 UTC] SITE: https://websitedemos.net/wp-json/astra-sites/v1/sites-and-pages/?per_page=100&page=1&page-builder=gutenberg
[01-Dec-2022 18:05:32 UTC] SITE: Storing in option ast-block-templates-sites-1
[01-Dec-2022 18:05:32 UTC] SITE: Completed request 1
[01-Dec-2022 18:05:32 UTC] SITE: Importing request 2 ..
[01-Dec-2022 18:05:32 UTC] SITE: https://websitedemos.net/wp-json/astra-sites/v1/sites-and-pages/?per_page=100&page=2&page-builder=gutenberg
[01-Dec-2022 18:05:33 UTC] SITE: Storing in option ast-block-templates-sites-2
[01-Dec-2022 18:05:33 UTC] SITE: Completed request 2
[01-Dec-2022 18:05:33 UTC] Sync process for Gutenberg Blocks is done.
[04-Dec-2022 17:27:47 UTC] PHP Warning:  Undefined array key "data" in C:\Users\Iapal\Local Sites\policaribe\app\public\wp-content\plugins\elementor\core\common\modules\ajax\module.php on line 171
[04-Dec-2022 17:27:47 UTC] PHP Stack trace:
[04-Dec-2022 17:27:47 UTC] PHP   1. {main}() C:\Users\Iapal\Local Sites\policaribe\app\public\wp-admin\admin-ajax.php:0
[04-Dec-2022 17:27:47 UTC] PHP   2. do_action($hook_name = 'wp_ajax_elementor_ajax') C:\Users\Iapal\Local Sites\policaribe\app\public\wp-admin\admin-ajax.php:188
[04-Dec-2022 17:27:47 UTC] PHP   3. WP_Hook->do_action($args = [0 => '']) C:\Users\Iapal\Local Sites\policaribe\app\public\wp-includes\plugin.php:517
[04-Dec-2022 17:27:47 UTC] PHP   4. WP_Hook->apply_filters($value = '', $args = [0 => '']) C:\Users\Iapal\Local Sites\policaribe\app\public\wp-includes\class-wp-hook.php:332
[04-Dec-2022 17:27:47 UTC] PHP   5. Elementor\Core\Common\Modules\Ajax\Module->handle_ajax_request('') C:\Users\Iapal\Local Sites\policaribe\app\public\wp-includes\class-wp-hook.php:308
[05-Dec-2022 18:00:37 UTC] PHP Warning:  Trying to access array offset on value of type bool in C:\Users\Iapal\Local Sites\policaribe\app\public\wp-content\plugins\elementor\includes\managers\image.php on line 108
[05-Dec-2022 18:00:37 UTC] PHP Stack trace:
[05-Dec-2022 18:00:37 UTC] PHP   1. {main}() C:\Users\Iapal\Local Sites\policaribe\app\public\wp-admin\admin-ajax.php:0
[05-Dec-2022 18:00:37 UTC] PHP   2. do_action($hook_name = 'wp_ajax_elementor_get_images_details') C:\Users\Iapal\Local Sites\policaribe\app\public\wp-admin\admin-ajax.php:188
[05-Dec-2022 18:00:37 UTC] PHP   3. WP_Hook->do_action($args = [0 => '']) C:\Users\Iapal\Local Sites\policaribe\app\public\wp-includes\plugin.php:517
[05-Dec-2022 18:00:37 UTC] PHP   4. WP_Hook->apply_filters($value = '', $args = [0 => '']) C:\Users\Iapal\Local Sites\policaribe\app\public\wp-includes\class-wp-hook.php:332
[05-Dec-2022 18:00:37 UTC] PHP   5. Elementor\Images_Manager->get_images_details('') C:\Users\Iapal\Local Sites\policaribe\app\public\wp-includes\class-wp-hook.php:308
[05-Dec-2022 18:00:37 UTC] PHP   6. Elementor\Images_Manager->get_details($id = '617', $size = 'full', $is_first_time = 'true') C:\Users\Iapal\Local Sites\policaribe\app\public\wp-content\plugins\elementor\includes\managers\image.php:36
[05-Dec-2022 18:00:37 UTC] PHP Warning:  Trying to access array offset on value of type bool in C:\Users\Iapal\Local Sites\policaribe\app\public\wp-content\plugins\elementor\includes\managers\image.php on line 108
[05-Dec-2022 18:00:37 UTC] PHP Stack trace:
[05-Dec-2022 18:00:37 UTC] PHP   1. {main}() C:\Users\Iapal\Local Sites\policaribe\app\public\wp-admin\admin-ajax.php:0
[05-Dec-2022 18:00:37 UTC] PHP   2. do_action($hook_name = 'wp_ajax_elementor_get_images_details') C:\Users\Iapal\Local Sites\policaribe\app\public\wp-admin\admin-ajax.php:188
[05-Dec-2022 18:00:37 UTC] PHP   3. WP_Hook->do_action($args = [0 => '']) C:\Users\Iapal\Local Sites\policaribe\app\public\wp-includes\plugin.php:517
[05-Dec-2022 18:00:37 UTC] PHP   4. WP_Hook->apply_filters($value = '', $args = [0 => '']) C:\Users\Iapal\Local Sites\policaribe\app\public\wp-includes\class-wp-hook.php:332
[05-Dec-2022 18:00:37 UTC] PHP   5. Elementor\Images_Manager->get_images_details('') C:\Users\Iapal\Local Sites\policaribe\app\public\wp-includes\class-wp-hook.php:308
[05-Dec-2022 18:00:37 UTC] PHP   6. Elementor\Images_Manager->get_details($id = '617', $size = 'full', $is_first_time = 'true') C:\Users\Iapal\Local Sites\policaribe\app\public\wp-content\plugins\elementor\includes\managers\image.php:36
[05-Dec-2022 18:00:37 UTC] PHP Warning:  Trying to access array offset on value of type bool in C:\Users\Iapal\Local Sites\policaribe\app\public\wp-content\plugins\elementor\includes\managers\image.php on line 108
[05-Dec-2022 18:00:37 UTC] PHP Stack trace:
[05-Dec-2022 18:00:37 UTC] PHP   1. {main}() C:\Users\Iapal\Local Sites\policaribe\app\public\wp-admin\admin-ajax.php:0
[05-Dec-2022 18:00:37 UTC] PHP   2. do_action($hook_name = 'wp_ajax_elementor_get_images_details') C:\Users\Iapal\Local Sites\policaribe\app\public\wp-admin\admin-ajax.php:188
[05-Dec-2022 18:00:37 UTC] PHP   3. WP_Hook->do_action($args = [0 => '']) C:\Users\Iapal\Local Sites\policaribe\app\public\wp-includes\plugin.php:517
[05-Dec-2022 18:00:37 UTC] PHP   4. WP_Hook->apply_filters($value = '', $args = [0 => '']) C:\Users\Iapal\Local Sites\policaribe\app\public\wp-includes\class-wp-hook.php:332
[05-Dec-2022 18:00:37 UTC] PHP   5. Elementor\Images_Manager->get_images_details('') C:\Users\Iapal\Local Sites\policaribe\app\public\wp-includes\class-wp-hook.php:308
[05-Dec-2022 18:00:37 UTC] PHP   6. Elementor\Images_Manager->get_details($id = '617', $size = 'full', $is_first_time = 'true') C:\Users\Iapal\Local Sites\policaribe\app\public\wp-content\plugins\elementor\includes\managers\image.php:36
[05-Dec-2022 18:00:37 UTC] PHP Warning:  Trying to access array offset on value of type bool in C:\Users\Iapal\Local Sites\policaribe\app\public\wp-content\plugins\elementor\includes\managers\image.php on line 108
[05-Dec-2022 18:00:37 UTC] PHP Stack trace:
[05-Dec-2022 18:00:37 UTC] PHP   1. {main}() C:\Users\Iapal\Local Sites\policaribe\app\public\wp-admin\admin-ajax.php:0
[05-Dec-2022 18:00:37 UTC] PHP   2. do_action($hook_name = 'wp_ajax_elementor_get_images_details') C:\Users\Iapal\Local Sites\policaribe\app\public\wp-admin\admin-ajax.php:188
[05-Dec-2022 18:00:37 UTC] PHP   3. WP_Hook->do_action($args = [0 => '']) C:\Users\Iapal\Local Sites\policaribe\app\public\wp-includes\plugin.php:517
[05-Dec-2022 18:00:37 UTC] PHP   4. WP_Hook->apply_filters($value = '', $args = [0 => '']) C:\Users\Iapal\Local Sites\policaribe\app\public\wp-includes\class-wp-hook.php:332
[05-Dec-2022 18:00:37 UTC] PHP   5. Elementor\Images_Manager->get_images_details('') C:\Users\Iapal\Local Sites\policaribe\app\public\wp-includes\class-wp-hook.php:308
[05-Dec-2022 18:00:37 UTC] PHP   6. Elementor\Images_Manager->get_details($id = '617', $size = 'full', $is_first_time = 'true') C:\Users\Iapal\Local Sites\policaribe\app\public\wp-content\plugins\elementor\includes\managers\image.php:36
[05-Dec-2022 18:00:37 UTC] PHP Warning:  Trying to access array offset on value of type bool in C:\Users\Iapal\Local Sites\policaribe\app\public\wp-content\plugins\elementor\includes\managers\image.php on line 108
[05-Dec-2022 18:00:37 UTC] PHP Stack trace:
[05-Dec-2022 18:00:37 UTC] PHP   1. {main}() C:\Users\Iapal\Local Sites\policaribe\app\public\wp-admin\admin-ajax.php:0
[05-Dec-2022 18:00:37 UTC] PHP   2. do_action($hook_name = 'wp_ajax_elementor_get_images_details') C:\Users\Iapal\Local Sites\policaribe\app\public\wp-admin\admin-ajax.php:188
[05-Dec-2022 18:00:37 UTC] PHP   3. WP_Hook->do_action($args = [0 => '']) C:\Users\Iapal\Local Sites\policaribe\app\public\wp-includes\plugin.php:517
[05-Dec-2022 18:00:37 UTC] PHP   4. WP_Hook->apply_filters($value = '', $args = [0 => '']) C:\Users\Iapal\Local Sites\policaribe\app\public\wp-includes\class-wp-hook.php:332
[05-Dec-2022 18:00:37 UTC] PHP   5. Elementor\Images_Manager->get_images_details('') C:\Users\Iapal\Local Sites\policaribe\app\public\wp-includes\class-wp-hook.php:308
[05-Dec-2022 18:00:37 UTC] PHP   6. Elementor\Images_Manager->get_details($id = '617', $size = 'full', $is_first_time = 'true') C:\Users\Iapal\Local Sites\policaribe\app\public\wp-content\plugins\elementor\includes\managers\image.php:36
[05-Dec-2022 18:00:37 UTC] PHP Warning:  Trying to access array offset on value of type bool in C:\Users\Iapal\Local Sites\policaribe\app\public\wp-content\plugins\elementor\includes\managers\image.php on line 108
[05-Dec-2022 18:00:37 UTC] PHP Stack trace:
[05-Dec-2022 18:00:37 UTC] PHP   1. {main}() C:\Users\Iapal\Local Sites\policaribe\app\public\wp-admin\admin-ajax.php:0
[05-Dec-2022 18:00:37 UTC] PHP   2. do_action($hook_name = 'wp_ajax_elementor_get_images_details') C:\Users\Iapal\Local Sites\policaribe\app\public\wp-admin\admin-ajax.php:188
[05-Dec-2022 18:00:37 UTC] PHP   3. WP_Hook->do_action($args = [0 => '']) C:\Users\Iapal\Local Sites\policaribe\app\public\wp-includes\plugin.php:517
[05-Dec-2022 18:00:37 UTC] PHP   4. WP_Hook->apply_filters($value = '', $args = [0 => '']) C:\Users\Iapal\Local Sites\policaribe\app\public\wp-includes\class-wp-hook.php:332
[05-Dec-2022 18:00:37 UTC] PHP   5. Elementor\Images_Manager->get_images_details('') C:\Users\Iapal\Local Sites\policaribe\app\public\wp-includes\class-wp-hook.php:308
[05-Dec-2022 18:00:37 UTC] PHP   6. Elementor\Images_Manager->get_details($id = '617', $size = 'full', $is_first_time = 'true') C:\Users\Iapal\Local Sites\policaribe\app\public\wp-content\plugins\elementor\includes\managers\image.php:36
[05-Dec-2022 18:00:37 UTC] PHP Warning:  Trying to access array offset on value of type bool in C:\Users\Iapal\Local Sites\policaribe\app\public\wp-content\plugins\elementor\includes\managers\image.php on line 108
[05-Dec-2022 18:00:37 UTC] PHP Stack trace:
[05-Dec-2022 18:00:37 UTC] PHP   1. {main}() C:\Users\Iapal\Local Sites\policaribe\app\public\wp-admin\admin-ajax.php:0
[05-Dec-2022 18:00:37 UTC] PHP   2. do_action($hook_name = 'wp_ajax_elementor_get_images_details') C:\Users\Iapal\Local Sites\policaribe\app\public\wp-admin\admin-ajax.php:188
[05-Dec-2022 18:00:37 UTC] PHP   3. WP_Hook->do_action($args = [0 => '']) C:\Users\Iapal\Local Sites\policaribe\app\public\wp-includes\plugin.php:517
[05-Dec-2022 18:00:37 UTC] PHP   4. WP_Hook->apply_filters($value = '', $args = [0 => '']) C:\Users\Iapal\Local Sites\policaribe\app\public\wp-includes\class-wp-hook.php:332
[05-Dec-2022 18:00:37 UTC] PHP   5. Elementor\Images_Manager->get_images_details('') C:\Users\Iapal\Local Sites\policaribe\app\public\wp-includes\class-wp-hook.php:308
[05-Dec-2022 18:00:37 UTC] PHP   6. Elementor\Images_Manager->get_details($id = '617', $size = 'full', $is_first_time = 'true') C:\Users\Iapal\Local Sites\policaribe\app\public\wp-content\plugins\elementor\includes\managers\image.php:36
[05-Dec-2022 18:00:37 UTC] PHP Warning:  Trying to access array offset on value of type bool in C:\Users\Iapal\Local Sites\policaribe\app\public\wp-content\plugins\elementor\includes\managers\image.php on line 108
[05-Dec-2022 18:00:37 UTC] PHP Stack trace:
[05-Dec-2022 18:00:37 UTC] PHP   1. {main}() C:\Users\Iapal\Local Sites\policaribe\app\public\wp-admin\admin-ajax.php:0
[05-Dec-2022 18:00:37 UTC] PHP   2. do_action($hook_name = 'wp_ajax_elementor_get_images_details') C:\Users\Iapal\Local Sites\policaribe\app\public\wp-admin\admin-ajax.php:188
[05-Dec-2022 18:00:37 UTC] PHP   3. WP_Hook->do_action($args = [0 => '']) C:\Users\Iapal\Local Sites\policaribe\app\public\wp-includes\plugin.php:517
[05-Dec-2022 18:00:37 UTC] PHP   4. WP_Hook->apply_filters($value = '', $args = [0 => '']) C:\Users\Iapal\Local Sites\policaribe\app\public\wp-includes\class-wp-hook.php:332
[05-Dec-2022 18:00:37 UTC] PHP   5. Elementor\Images_Manager->get_images_details('') C:\Users\Iapal\Local Sites\policaribe\app\public\wp-includes\class-wp-hook.php:308
[05-Dec-2022 18:00:37 UTC] PHP   6. Elementor\Images_Manager->get_details($id = '617', $size = 'full', $is_first_time = 'true') C:\Users\Iapal\Local Sites\policaribe\app\public\wp-content\plugins\elementor\includes\managers\image.php:36
[30-Dec-2022 16:49:33 UTC] Sync process for Gutenberg Blocks has started.
[30-Dec-2022 16:49:33 UTC] CATEGORY:Importing categories..
[30-Dec-2022 16:49:34 UTC] CATEGORY:Storing in option ast-block-templates-categories
[30-Dec-2022 16:49:34 UTC] CATEGORY:Completed category import.
[30-Dec-2022 16:49:34 UTC] BLOCK: Getting Total Blocks
[30-Dec-2022 16:49:34 UTC] BLOCK: https://websitedemos.net/wp-json/astra-blocks/v1/get-blocks-count/?page_builder=gutenberg&wireframe=yes
[30-Dec-2022 16:49:35 UTC] BLOCK: Requests count 4
[30-Dec-2022 16:49:35 UTC] BLOCK: Importing request 1 ..
[30-Dec-2022 16:49:35 UTC] BLOCK: https://websitedemos.net/wp-json/astra-blocks/v1/blocks/?page_builder=gutenberg&per_page=100&page=1&wireframe=yes
[30-Dec-2022 16:49:35 UTC] BLOCK: Storing in option ast-block-templates-blocks-1
[30-Dec-2022 16:49:35 UTC] BLOCK: Completed request 1
[30-Dec-2022 16:49:35 UTC] BLOCK: Importing request 2 ..
[30-Dec-2022 16:49:35 UTC] BLOCK: https://websitedemos.net/wp-json/astra-blocks/v1/blocks/?page_builder=gutenberg&per_page=100&page=2&wireframe=yes
[30-Dec-2022 16:49:38 UTC] BLOCK: Storing in option ast-block-templates-blocks-2
[30-Dec-2022 16:49:38 UTC] BLOCK: Completed request 2
[30-Dec-2022 16:49:38 UTC] BLOCK: Importing request 3 ..
[30-Dec-2022 16:49:38 UTC] BLOCK: https://websitedemos.net/wp-json/astra-blocks/v1/blocks/?page_builder=gutenberg&per_page=100&page=3&wireframe=yes
[30-Dec-2022 16:49:39 UTC] BLOCK: Storing in option ast-block-templates-blocks-3
[30-Dec-2022 16:49:39 UTC] BLOCK: Completed request 3
[30-Dec-2022 16:49:39 UTC] BLOCK: Importing request 4 ..
[30-Dec-2022 16:49:39 UTC] BLOCK: https://websitedemos.net/wp-json/astra-blocks/v1/blocks/?page_builder=gutenberg&per_page=100&page=4&wireframe=yes
[30-Dec-2022 16:49:39 UTC] BLOCK: Storing in option ast-block-templates-blocks-4
[30-Dec-2022 16:49:39 UTC] BLOCK: Completed request 4
[30-Dec-2022 16:49:39 UTC] SITE: Getting Total Sites
[30-Dec-2022 16:49:39 UTC] SITE: https://websitedemos.net/wp-json/astra-sites/v1/get-total-pages/?page_builder=gutenberg
[30-Dec-2022 16:49:40 UTC] SITE: Request count 2
[30-Dec-2022 16:49:40 UTC] SITE: Importing request 1 ..
[30-Dec-2022 16:49:40 UTC] SITE: https://websitedemos.net/wp-json/astra-sites/v1/sites-and-pages/?per_page=100&page=1&page-builder=gutenberg
[30-Dec-2022 16:49:40 UTC] SITE: Storing in option ast-block-templates-sites-1
[30-Dec-2022 16:49:41 UTC] SITE: Completed request 1
[30-Dec-2022 16:49:41 UTC] SITE: Importing request 2 ..
[30-Dec-2022 16:49:41 UTC] SITE: https://websitedemos.net/wp-json/astra-sites/v1/sites-and-pages/?per_page=100&page=2&page-builder=gutenberg
[30-Dec-2022 16:49:42 UTC] SITE: Storing in option ast-block-templates-sites-2
[30-Dec-2022 16:49:42 UTC] SITE: Completed request 2
[30-Dec-2022 16:49:42 UTC] Sync process for Gutenberg Blocks is done.
